# JRE version: OpenJDK Runtime Environment (11.0.8+10) (build 11.0.8+10-b944.6842174)
# Java VM: OpenJDK 64-Bit Server VM (11.0.8+10-b944.6842174, mixed mode, tiered, compressed oops, g1 gc, windows-amd64)
Heap:
 garbage-first heap   total 595968K, used 230074K [0x0000000080000000, 0x0000000100000000)
  region size 1024K, 3 young (3072K), 3 survivors (3072K)
 Metaspace       used 152089K, capacity 156741K, committed 157084K, reserved 1185792K
  class space    used 18727K, capacity 20341K, committed 20428K, reserved 1048576K
GC Heap History (20 events):
Event: 1381.025 GC heap after
{Heap after GC invocations=291 (full 0):
 garbage-first heap   total 196608K, used 187237K [0x0000000080000000, 0x0000000100000000)
  region size 1024K, 2 young (2048K), 2 survivors (2048K)
 Metaspace       used 150223K, capacity 154791K, committed 155036K, reserved 1183744K
  class space    used 18522K, capacity 20090K, committed 20172K, reserved 1048576K
}
Event: 1381.087 GC heap before
{Heap before GC invocations=291 (full 0):
 garbage-first heap   total 196608K, used 194405K [0x0000000080000000, 0x0000000100000000)
  region size 1024K, 9 young (9216K), 2 survivors (2048K)
 Metaspace       used 150232K, capacity 154791K, committed 155036K, reserved 1183744K
  class space    used 18522K, capacity 20090K, committed 20172K, reserved 1048576K
}
Event: 1381.099 GC heap after
{Heap after GC invocations=292 (full 0):
 garbage-first heap   total 201728K, used 191691K [0x0000000080000000, 0x0000000100000000)
  region size 1024K, 2 young (2048K), 2 survivors (2048K)
 Metaspace       used 150232K, capacity 154791K, committed 155036K, reserved 1183744K
  class space    used 18522K, capacity 20090K, committed 20172K, reserved 1048576K
}
Event: 1381.156 GC heap before
{Heap before GC invocations=292 (full 0):
 garbage-first heap   total 201728K, used 198859K [0x0000000080000000, 0x0000000100000000)
  region size 1024K, 9 young (9216K), 2 survivors (2048K)
 Metaspace       used 150243K, capacity 154794K, committed 155036K, reserved 1183744K
  class space    used 18522K, capacity 20090K, committed 20172K, reserved 1048576K
}
Event: 1381.171 GC heap after
{Heap after GC invocations=293 (full 0):
 garbage-first heap   total 247808K, used 196180K [0x0000000080000000, 0x0000000100000000)
  region size 1024K, 2 young (2048K), 2 survivors (2048K)
 Metaspace       used 150243K, capacity 154794K, committed 155036K, reserved 1183744K
  class space    used 18522K, capacity 20090K, committed 20172K, reserved 1048576K
}
Event: 1381.483 GC heap before
{Heap before GC invocations=293 (full 0):
 garbage-first heap   total 247808K, used 206420K [0x0000000080000000, 0x0000000100000000)
  region size 1024K, 12 young (12288K), 2 survivors (2048K)
 Metaspace       used 150278K, capacity 154858K, committed 155036K, reserved 1183744K
  class space    used 18522K, capacity 20090K, committed 20172K, reserved 1048576K
}
Event: 1381.499 GC heap after
{Heap after GC invocations=294 (full 0):
 garbage-first heap   total 247808K, used 202327K [0x0000000080000000, 0x0000000100000000)
  region size 1024K, 2 young (2048K), 2 survivors (2048K)
 Metaspace       used 150278K, capacity 154858K, committed 155036K, reserved 1183744K
  class space    used 18522K, capacity 20090K, committed 20172K, reserved 1048576K
}
Event: 1381.624 GC heap before
{Heap before GC invocations=294 (full 0):
 garbage-first heap   total 247808K, used 212567K [0x0000000080000000, 0x0000000100000000)
  region size 1024K, 12 young (12288K), 2 survivors (2048K)
 Metaspace       used 150279K, capacity 154858K, committed 155036K, reserved 1183744K
  class space    used 18522K, capacity 20090K, committed 20172K, reserved 1048576K
}
Event: 1381.639 GC heap after
{Heap after GC invocations=295 (full 0):
 garbage-first heap   total 247808K, used 208398K [0x0000000080000000, 0x0000000100000000)
  region size 1024K, 2 young (2048K), 2 survivors (2048K)
 Metaspace       used 150279K, capacity 154858K, committed 155036K, reserved 1183744K
  class space    used 18522K, capacity 20090K, committed 20172K, reserved 1048576K
}
Event: 1381.761 GC heap before
{Heap before GC invocations=295 (full 0):
 garbage-first heap   total 247808K, used 218638K [0x0000000080000000, 0x0000000100000000)
  region size 1024K, 12 young (12288K), 2 survivors (2048K)
 Metaspace       used 150280K, capacity 154858K, committed 155036K, reserved 1183744K
  class space    used 18522K, capacity 20090K, committed 20172K, reserved 1048576K
}
Event: 1381.778 GC heap after
{Heap after GC invocations=296 (full 0):
 garbage-first heap   total 247808K, used 214830K [0x0000000080000000, 0x0000000100000000)
  region size 1024K, 2 young (2048K), 2 survivors (2048K)
 Metaspace       used 150280K, capacity 154858K, committed 155036K, reserved 1183744K
  class space    used 18522K, capacity 20090K, committed 20172K, reserved 1048576K
}
Event: 1383.247 GC heap before
{Heap before GC invocations=297 (full 0):
 garbage-first heap   total 247808K, used 225070K [0x0000000080000000, 0x0000000100000000)
  region size 1024K, 12 young (12288K), 2 survivors (2048K)
 Metaspace       used 150688K, capacity 155284K, committed 155420K, reserved 1183744K
  class space    used 18575K, capacity 20166K, committed 20300K, reserved 1048576K
}
Event: 1383.296 GC heap after
{Heap after GC invocations=298 (full 0):
 garbage-first heap   total 297984K, used 219136K [0x0000000080000000, 0x0000000100000000)
  region size 1024K, 2 young (2048K), 2 survivors (2048K)
 Metaspace       used 150688K, capacity 155284K, committed 155420K, reserved 1183744K
  class space    used 18575K, capacity 20166K, committed 20300K, reserved 1048576K
}
Event: 1385.329 GC heap before
{Heap before GC invocations=298 (full 0):
 garbage-first heap   total 297984K, used 235520K [0x0000000080000000, 0x0000000100000000)
  region size 1024K, 19 young (19456K), 2 survivors (2048K)
 Metaspace       used 151564K, capacity 156209K, committed 156572K, reserved 1185792K
  class space    used 18688K, capacity 20302K, committed 20428K, reserved 1048576K
}
Event: 1385.361 GC heap after
{Heap after GC invocations=299 (full 0):
 garbage-first heap   total 297984K, used 223232K [0x0000000080000000, 0x0000000100000000)
  region size 1024K, 3 young (3072K), 3 survivors (3072K)
 Metaspace       used 151564K, capacity 156209K, committed 156572K, reserved 1185792K
  class space    used 18688K, capacity 20302K, committed 20428K, reserved 1048576K
}
Event: 1385.838 GC heap before
{Heap before GC invocations=299 (full 0):
 garbage-first heap   total 297984K, used 240640K [0x0000000080000000, 0x0000000100000000)
  region size 1024K, 20 young (20480K), 3 survivors (3072K)
 Metaspace       used 151889K, capacity 156535K, committed 156828K, reserved 1185792K
  class space    used 18718K, capacity 20320K, committed 20428K, reserved 1048576K
}
Event: 1385.995 GC heap after
{Heap after GC invocations=300 (full 0):
 garbage-first heap   total 297984K, used 225858K [0x0000000080000000, 0x0000000100000000)
  region size 1024K, 3 young (3072K), 3 survivors (3072K)
 Metaspace       used 151889K, capacity 156535K, committed 156828K, reserved 1185792K
  class space    used 18718K, capacity 20320K, committed 20428K, reserved 1048576K
}
Event: 1387.334 GC heap before
{Heap before GC invocations=300 (full 0):
 garbage-first heap   total 297984K, used 236098K [0x0000000080000000, 0x0000000100000000)
  region size 1024K, 20 young (20480K), 3 survivors (3072K)
 Metaspace       used 151865K, capacity 156466K, committed 156828K, reserved 1185792K
  class space    used 18705K, capacity 20295K, committed 20428K, reserved 1048576K
}
Event: 1387.362 GC heap after
{Heap after GC invocations=301 (full 0):
 garbage-first heap   total 297984K, used 222074K [0x0000000080000000, 0x0000000100000000)
  region size 1024K, 3 young (3072K), 3 survivors (3072K)
 Metaspace       used 151865K, capacity 156466K, committed 156828K, reserved 1185792K
  class space    used 18705K, capacity 20295K, committed 20428K, reserved 1048576K
}
Event: 1387.981 GC heap before
{Heap before GC invocations=302 (full 0):
 garbage-first heap   total 297984K, used 245626K [0x0000000080000000, 0x0000000100000000)
  region size 1024K, 22 young (22528K), 3 survivors (3072K)
 Metaspace       used 152089K, capacity 156741K, committed 157084K, reserved 1185792K
  class space    used 18727K, capacity 20341K, committed 20428K, reserved 1048576K
}

